2025-12-16 18:31:23,979 - INFO - ============================================================
2025-12-16 18:31:23,979 - INFO - MongoDB to Parquet Transformation Pipeline (v2 - Consolidated)
2025-12-16 18:31:23,979 - INFO - ============================================================
2025-12-16 18:31:23,981 - INFO - Connected to MongoDB: mongodb://localhost:27017/
2025-12-16 18:31:23,981 - INFO - Output directory: /Users/silen/Desktop/Work/alab-pipeline/data/parquet
2025-12-16 18:31:23,990 - INFO - Processing 667 experiments...
2025-12-16 18:31:26,023 - INFO - ----------------------------------------
2025-12-16 18:31:26,023 - INFO - Filtering Summary:
2025-12-16 18:31:26,023 - INFO -   Total experiments in MongoDB: 667
2025-12-16 18:31:26,024 - INFO -   Skipped (no sampleid_in_aeris): 75
2025-12-16 18:31:26,024 - INFO -   Processed: 592
2025-12-16 18:31:26,024 - INFO - ----------------------------------------
2025-12-16 18:31:26,024 - INFO - Transformation complete. Creating dataframes...
2025-12-16 18:31:26,046 - INFO - ✓ Saved experiments: 592 rows, 37 cols, 0.09 MB
2025-12-16 18:31:26,052 - INFO - ✓ Saved experiment_elements: 2,666 rows, 3 cols, 0.01 MB
2025-12-16 18:31:26,068 - INFO - ✓ Saved powder_doses: 11,069 rows, 8 cols, 0.10 MB
2025-12-16 18:31:26,278 - INFO - ✓ Saved temperature_logs: 500,997 rows, 4 cols, 1.71 MB
2025-12-16 18:31:28,090 - INFO - ✓ Saved xrd_data_points: 4,780,407 rows, 4 cols, 24.50 MB
2025-12-16 18:31:28,102 - INFO - ✓ Saved workflow_tasks: 3,074 rows, 7 cols, 0.07 MB
2025-12-16 18:31:28,105 - INFO - ✓ Saved metadata: /Users/silen/Desktop/Work/alab-pipeline/data/parquet/metadata.json
2025-12-16 18:31:28,105 - INFO - ============================================================
2025-12-16 18:31:28,105 - INFO - ✓ Transformation complete!
2025-12-16 18:31:28,105 - INFO - ✓ Parquet files saved to: /Users/silen/Desktop/Work/alab-pipeline/data/parquet
2025-12-16 18:31:28,105 - INFO - ============================================================
2025-12-16 18:51:14,317 - INFO - ============================================================
2025-12-16 18:51:14,317 - INFO - MongoDB to Parquet Transformation Pipeline (v2 - Consolidated)
2025-12-16 18:51:14,317 - INFO - ============================================================
2025-12-16 18:51:14,319 - INFO - Connected to MongoDB: None
2025-12-16 18:51:14,319 - INFO - Output directory: /Users/silen/Desktop/Work/alab-pipeline/data/parquet
2025-12-16 18:51:14,326 - INFO - Processing 667 experiments...
2025-12-16 18:51:16,551 - INFO - ----------------------------------------
2025-12-16 18:51:16,551 - INFO - Filtering Summary:
2025-12-16 18:51:16,552 - INFO -   Total experiments in MongoDB: 667
2025-12-16 18:51:16,552 - INFO -   Skipped (no sampleid_in_aeris): 75
2025-12-16 18:51:16,552 - INFO -   Processed: 592
2025-12-16 18:51:16,552 - INFO - ----------------------------------------
2025-12-16 18:51:16,552 - INFO - Transformation complete. Creating dataframes...
2025-12-16 18:51:16,602 - INFO - ✓ Saved experiments: 592 rows, 37 cols, 0.09 MB
2025-12-16 18:51:16,606 - INFO - ✓ Saved experiment_elements: 2,666 rows, 3 cols, 0.01 MB
2025-12-16 18:51:16,619 - INFO - ✓ Saved powder_doses: 11,069 rows, 8 cols, 0.10 MB
2025-12-16 18:51:16,843 - INFO - ✓ Saved temperature_logs: 500,997 rows, 4 cols, 1.71 MB
2025-12-16 18:51:18,695 - INFO - ✓ Saved xrd_data_points: 4,780,407 rows, 4 cols, 24.50 MB
2025-12-16 18:51:18,707 - INFO - ✓ Saved workflow_tasks: 3,074 rows, 7 cols, 0.07 MB
2025-12-16 18:51:18,710 - INFO - ✓ Saved metadata: /Users/silen/Desktop/Work/alab-pipeline/data/parquet/metadata.json
2025-12-16 18:51:18,710 - INFO - ============================================================
2025-12-16 18:51:18,710 - INFO - ✓ Transformation complete!
2025-12-16 18:51:18,710 - INFO - ✓ Parquet files saved to: /Users/silen/Desktop/Work/alab-pipeline/data/parquet
2025-12-16 18:51:18,710 - INFO - ============================================================
